Arguments: 
  /Users/mac/.nvm/versions/node/v16.18.0/bin/node /Users/mac/.nvm/versions/node/v14.20.1/bin/yarn add @adonisjs/attachment-lite

PATH: 
  /Users/mac/.nvm/versions/node/v16.18.0/bin:/Users/mac/.nvm/versions/node/v14.20.1/bin:/usr/local/bin:/usr/bin:/bin:/usr/sbin:/sbin:/Library/Apple/usr/bin:/Users/mac/.nvm/versions/node/v14.20.1/bin:/Users/mac/Library/Android/sdk/cmdline-tools/latest/bin:/Users/mac/Documents/developpement/sdk/flutter/bin:/Users/mac/Library/Android/sdk/cmdline-tools/latest/bin:/Users/mac/Documents/developpement/sdk/flutter/bin

Yarn version: 
  1.22.19

Node version: 
  16.18.0

Platform: 
  darwin x64

Trace: 
  Error: write EADDRNOTAVAIL
      at WriteWrap.onWriteComplete [as oncomplete] (node:internal/stream_base_commons:94:16)
      at TLSWrap.writeLatin1String (<anonymous>)
      at handleWriteReq (node:internal/stream_base_commons:58:21)
      at writeGeneric (node:internal/stream_base_commons:149:15)
      at TLSSocket.Socket._writeGeneric (node:net:905:11)
      at TLSSocket.Socket._write (node:net:917:8)
      at doWrite (node:internal/streams/writable:410:12)
      at clearBuffer (node:internal/streams/writable:571:7)
      at TLSSocket.Writable.uncork (node:internal/streams/writable:350:7)
      at ClientRequest._flushOutput (node:_http_outgoing:1094:10)

npm manifest: 
  {
    "name": "api-gestion-de-stock",
    "version": "1.0.0",
    "private": true,
    "scripts": {
      "dev": "node ace serve --watch",
      "build": "node ace build --production",
      "start": "node server.js",
      "test": "node ace test"
    },
    "devDependencies": {
      "@adonisjs/assembler": "^5.9.5",
      "@japa/preset-adonis": "^1.2.0",
      "@japa/runner": "^2.5.1",
      "@types/proxy-addr": "^2.0.0",
      "@types/source-map-support": "^0.5.6",
      "adonis-preset-ts": "^2.1.0",
      "pino-pretty": "^10.0.0",
      "typescript": "~4.6",
      "youch": "^3.2.3",
      "youch-terminal": "^2.2.0"
    },
    "dependencies": {
      "@adonisjs/core": "^5.9.0",
      "@adonisjs/lucid": "^18.3.0",
      "@adonisjs/mail": "^8.2.0",
      "@adonisjs/repl": "^3.1.11",
      "@adonisjs/view": "^6.2.0",
      "axios": "^1.4.0",
      "luxon": "^3.3.0",
      "mysql2": "^3.3.0",
      "node-cron": "^3.0.2",
      "proxy-addr": "^2.0.7",
      "reflect-metadata": "^0.1.13",
      "source-map-support": "^0.5.21"
    }
  }

yarn manifest: 
  No manifest

Lockfile: 
  No lockfile
